[0.647s] DEBUG:colcon:Command line arguments: ['/usr/bin/colcon', 'build', '--symlink-install']
[0.647s] DEBUG:colcon:Parsed command line arguments: Namespace(allow_overriding=[], ament_cmake_args=None, base_paths=['.'], build_base='build', catkin_cmake_args=None, catkin_skip_building_tests=False, cmake_args=None, cmake_clean_cache=False, cmake_clean_first=False, cmake_force_configure=False, cmake_target=None, cmake_target_skip_unavailable=False, continue_on_error=False, event_handlers=None, executor='parallel', ignore_user_meta=False, install_base='install', log_base=None, log_level=None, main=<bound method BuildVerb.main of <colcon_core.verb.build.BuildVerb object at 0x7f257bf360a0>>, merge_install=False, metas=['./colcon.meta'], packages_above=None, packages_above_and_dependencies=None, packages_above_depth=None, packages_end=None, packages_ignore=None, packages_ignore_regex=None, packages_select=None, packages_select_build_failed=False, packages_select_by_dep=None, packages_select_regex=None, packages_select_test_failures=False, packages_skip=None, packages_skip_build_finished=False, packages_skip_by_dep=None, packages_skip_regex=None, packages_skip_test_passed=False, packages_skip_up_to=None, packages_start=None, packages_up_to=None, packages_up_to_regex=None, parallel_workers=4, paths=None, symlink_install=True, test_result_base=None, verb_extension=<colcon_core.verb.build.BuildVerb object at 0x7f257bf360a0>, verb_name='build', verb_parser=<colcon_defaults.argument_parser.defaults.DefaultArgumentsDecorator object at 0x7f257bf365e0>)
[0.699s] Level 1:colcon.colcon_core.package_discovery:discover_packages(colcon_meta) check parameters
[0.699s] Level 1:colcon.colcon_core.package_discovery:discover_packages(recursive) check parameters
[0.699s] Level 1:colcon.colcon_core.package_discovery:discover_packages(ignore) check parameters
[0.699s] Level 1:colcon.colcon_core.package_discovery:discover_packages(path) check parameters
[0.699s] Level 1:colcon.colcon_core.package_discovery:discover_packages(colcon_meta) discover
[0.699s] Level 1:colcon.colcon_core.package_discovery:discover_packages(recursive) discover
[0.699s] INFO:colcon.colcon_core.package_discovery:Crawling recursively for packages in '/home/luisf/Mercury'
[0.700s] Level 1:colcon.colcon_core.package_identification:_identify(.) by extensions ['ignore', 'ignore_ament_install']
[0.700s] Level 1:colcon.colcon_core.package_identification:_identify(.) by extension 'ignore'
[0.700s] Level 1:colcon.colcon_core.package_identification:_identify(.) by extension 'ignore_ament_install'
[0.700s] Level 1:colcon.colcon_core.package_identification:_identify(.) by extensions ['colcon_pkg']
[0.700s] Level 1:colcon.colcon_core.package_identification:_identify(.) by extension 'colcon_pkg'
[0.700s] Level 1:colcon.colcon_core.package_identification:_identify(.) by extensions ['colcon_meta']
[0.700s] Level 1:colcon.colcon_core.package_identification:_identify(.) by extension 'colcon_meta'
[0.700s] Level 1:colcon.colcon_core.package_identification:_identify(.) by extensions ['ros']
[0.700s] Level 1:colcon.colcon_core.package_identification:_identify(.) by extension 'ros'
[0.735s] Level 1:colcon.colcon_core.package_identification:_identify(.) by extensions ['cmake', 'python']
[0.736s] Level 1:colcon.colcon_core.package_identification:_identify(.) by extension 'cmake'
[0.736s] Level 1:colcon.colcon_core.package_identification:_identify(.) by extension 'python'
[0.736s] Level 1:colcon.colcon_core.package_identification:_identify(.) by extensions ['python_setup_py']
[0.736s] Level 1:colcon.colcon_core.package_identification:_identify(.) by extension 'python_setup_py'
[0.736s] Level 1:colcon.colcon_core.package_identification:_identify(build) by extensions ['ignore', 'ignore_ament_install']
[0.736s] Level 1:colcon.colcon_core.package_identification:_identify(build) by extension 'ignore'
[0.736s] Level 1:colcon.colcon_core.package_identification:_identify(build) ignored
[0.737s] Level 1:colcon.colcon_core.package_identification:_identify(install) by extensions ['ignore', 'ignore_ament_install']
[0.737s] Level 1:colcon.colcon_core.package_identification:_identify(install) by extension 'ignore'
[0.737s] Level 1:colcon.colcon_core.package_identification:_identify(install) ignored
[0.737s] Level 1:colcon.colcon_core.package_identification:_identify(log) by extensions ['ignore', 'ignore_ament_install']
[0.737s] Level 1:colcon.colcon_core.package_identification:_identify(log) by extension 'ignore'
[0.737s] Level 1:colcon.colcon_core.package_identification:_identify(log) ignored
[0.737s] Level 1:colcon.colcon_core.package_identification:_identify(src) by extensions ['ignore', 'ignore_ament_install']
[0.738s] Level 1:colcon.colcon_core.package_identification:_identify(src) by extension 'ignore'
[0.738s] Level 1:colcon.colcon_core.package_identification:_identify(src) by extension 'ignore_ament_install'
[0.738s] Level 1:colcon.colcon_core.package_identification:_identify(src) by extensions ['colcon_pkg']
[0.738s] Level 1:colcon.colcon_core.package_identification:_identify(src) by extension 'colcon_pkg'
[0.738s] Level 1:colcon.colcon_core.package_identification:_identify(src) by extensions ['colcon_meta']
[0.738s] Level 1:colcon.colcon_core.package_identification:_identify(src) by extension 'colcon_meta'
[0.738s] Level 1:colcon.colcon_core.package_identification:_identify(src) by extensions ['ros']
[0.738s] Level 1:colcon.colcon_core.package_identification:_identify(src) by extension 'ros'
[0.738s] Level 1:colcon.colcon_core.package_identification:_identify(src) by extensions ['cmake', 'python']
[0.738s] Level 1:colcon.colcon_core.package_identification:_identify(src) by extension 'cmake'
[0.738s] Level 1:colcon.colcon_core.package_identification:_identify(src) by extension 'python'
[0.738s] Level 1:colcon.colcon_core.package_identification:_identify(src) by extensions ['python_setup_py']
[0.739s] Level 1:colcon.colcon_core.package_identification:_identify(src) by extension 'python_setup_py'
[0.739s] Level 1:colcon.colcon_core.package_identification:_identify(src/navigation) by extensions ['ignore', 'ignore_ament_install']
[0.739s] Level 1:colcon.colcon_core.package_identification:_identify(src/navigation) by extension 'ignore'
[0.739s] Level 1:colcon.colcon_core.package_identification:_identify(src/navigation) by extension 'ignore_ament_install'
[0.739s] Level 1:colcon.colcon_core.package_identification:_identify(src/navigation) by extensions ['colcon_pkg']
[0.739s] Level 1:colcon.colcon_core.package_identification:_identify(src/navigation) by extension 'colcon_pkg'
[0.739s] Level 1:colcon.colcon_core.package_identification:_identify(src/navigation) by extensions ['colcon_meta']
[0.739s] Level 1:colcon.colcon_core.package_identification:_identify(src/navigation) by extension 'colcon_meta'
[0.739s] Level 1:colcon.colcon_core.package_identification:_identify(src/navigation) by extensions ['ros']
[0.739s] Level 1:colcon.colcon_core.package_identification:_identify(src/navigation) by extension 'ros'
[0.744s] DEBUG:colcon.colcon_core.package_identification:Package 'src/navigation' with type 'ros.ament_cmake' and name 'navigation'
[0.744s] Level 1:colcon.colcon_core.package_discovery:discover_packages(recursive) using defaults
[0.744s] Level 1:colcon.colcon_core.package_discovery:discover_packages(ignore) discover
[0.744s] Level 1:colcon.colcon_core.package_discovery:discover_packages(ignore) using defaults
[0.744s] Level 1:colcon.colcon_core.package_discovery:discover_packages(path) discover
[0.744s] Level 1:colcon.colcon_core.package_discovery:discover_packages(path) using defaults
[0.782s] Level 1:colcon.colcon_core.package_discovery:discover_packages(prefix_path) check parameters
[0.782s] Level 1:colcon.colcon_core.package_discovery:discover_packages(prefix_path) discover
[0.787s] DEBUG:colcon.colcon_installed_package_information.package_discovery:Found 1 installed packages in /home/luisf/Mercury/install
[0.791s] DEBUG:colcon.colcon_installed_package_information.package_discovery:Found 266 installed packages in /opt/ros/foxy
[0.793s] Level 1:colcon.colcon_core.package_discovery:discover_packages(prefix_path) using defaults
[0.946s] Level 5:colcon.colcon_core.verb:set package 'navigation' build argument 'cmake_args' from command line to 'None'
[0.946s] Level 5:colcon.colcon_core.verb:set package 'navigation' build argument 'cmake_target' from command line to 'None'
[0.946s] Level 5:colcon.colcon_core.verb:set package 'navigation' build argument 'cmake_target_skip_unavailable' from command line to 'False'
[0.946s] Level 5:colcon.colcon_core.verb:set package 'navigation' build argument 'cmake_clean_cache' from command line to 'False'
[0.946s] Level 5:colcon.colcon_core.verb:set package 'navigation' build argument 'cmake_clean_first' from command line to 'False'
[0.946s] Level 5:colcon.colcon_core.verb:set package 'navigation' build argument 'cmake_force_configure' from command line to 'False'
[0.946s] Level 5:colcon.colcon_core.verb:set package 'navigation' build argument 'ament_cmake_args' from command line to 'None'
[0.946s] Level 5:colcon.colcon_core.verb:set package 'navigation' build argument 'catkin_cmake_args' from command line to 'None'
[0.946s] Level 5:colcon.colcon_core.verb:set package 'navigation' build argument 'catkin_skip_building_tests' from command line to 'False'
[0.947s] DEBUG:colcon.colcon_core.verb:Building package 'navigation' with the following arguments: {'ament_cmake_args': None, 'build_base': '/home/luisf/Mercury/build/navigation', 'catkin_cmake_args': None, 'catkin_skip_building_tests': False, 'cmake_args': None, 'cmake_clean_cache': False, 'cmake_clean_first': False, 'cmake_force_configure': False, 'cmake_target': None, 'cmake_target_skip_unavailable': False, 'install_base': '/home/luisf/Mercury/install/navigation', 'merge_install': False, 'path': '/home/luisf/Mercury/src/navigation', 'symlink_install': True, 'test_result_base': None}
[0.949s] INFO:colcon.colcon_core.executor:Executing jobs using 'parallel' executor
[0.960s] DEBUG:colcon.colcon_parallel_executor.executor.parallel:run_until_complete
[0.961s] INFO:colcon.colcon_ros.task.ament_cmake.build:Building ROS package in '/home/luisf/Mercury/src/navigation' with build type 'ament_cmake'
[0.961s] INFO:colcon.colcon_cmake.task.cmake.build:Building CMake package in '/home/luisf/Mercury/src/navigation'
[0.969s] INFO:colcon.colcon_core.plugin_system:Skipping extension 'colcon_core.shell.bat': Not used on non-Windows systems
[0.970s] INFO:colcon.colcon_core.shell:Skip shell extension 'powershell' for command environment: Not usable outside of PowerShell
[0.970s] DEBUG:colcon.colcon_core.shell:Skip shell extension 'dsv' for command environment
[1.002s] DEBUG:colcon.colcon_core.event_handler.log_command:Invoking command in '/home/luisf/Mercury/build/navigation': CMAKE_PREFIX_PATH=/opt/ros/foxy /usr/bin/cmake --build /home/luisf/Mercury/build/navigation -- -j4 -l4
[12.659s] DEBUG:colcon.colcon_core.event_handler.log_command:Invoked command in '/home/luisf/Mercury/build/navigation' returned '0': CMAKE_PREFIX_PATH=/opt/ros/foxy /usr/bin/cmake --build /home/luisf/Mercury/build/navigation -- -j4 -l4
[12.778s] DEBUG:colcon.colcon_core.event_handler.log_command:Invoking command in '/home/luisf/Mercury/build/navigation': CMAKE_PREFIX_PATH=/opt/ros/foxy /usr/bin/cmake --install /home/luisf/Mercury/build/navigation
[13.705s] Level 1:colcon.colcon_core.environment:create_environment_scripts_only(navigation)
[13.707s] DEBUG:colcon.colcon_core.event_handler.log_command:Invoked command in '/home/luisf/Mercury/build/navigation' returned '0': CMAKE_PREFIX_PATH=/opt/ros/foxy /usr/bin/cmake --install /home/luisf/Mercury/build/navigation
[13.719s] Level 1:colcon.colcon_core.environment:checking '/home/luisf/Mercury/install/navigation' for CMake module files
[13.720s] Level 1:colcon.colcon_core.environment:checking '/home/luisf/Mercury/install/navigation' for CMake config files
[13.721s] Level 1:colcon.colcon_core.shell:create_environment_hook('navigation', 'cmake_prefix_path')
[13.723s] INFO:colcon.colcon_core.shell:Creating environment hook '/home/luisf/Mercury/install/navigation/share/navigation/hook/cmake_prefix_path.ps1'
[13.725s] INFO:colcon.colcon_core.shell:Creating environment descriptor '/home/luisf/Mercury/install/navigation/share/navigation/hook/cmake_prefix_path.dsv'
[13.726s] INFO:colcon.colcon_core.shell:Creating environment hook '/home/luisf/Mercury/install/navigation/share/navigation/hook/cmake_prefix_path.sh'
[13.727s] Level 1:colcon.colcon_core.environment:checking '/home/luisf/Mercury/install/navigation/lib'
[13.728s] Level 1:colcon.colcon_core.shell:create_environment_hook('navigation', 'ld_library_path_lib')
[13.730s] INFO:colcon.colcon_core.shell:Creating environment hook '/home/luisf/Mercury/install/navigation/share/navigation/hook/ld_library_path_lib.ps1'
[13.731s] INFO:colcon.colcon_core.shell:Creating environment descriptor '/home/luisf/Mercury/install/navigation/share/navigation/hook/ld_library_path_lib.dsv'
[13.732s] INFO:colcon.colcon_core.shell:Creating environment hook '/home/luisf/Mercury/install/navigation/share/navigation/hook/ld_library_path_lib.sh'
[13.732s] Level 1:colcon.colcon_core.environment:checking '/home/luisf/Mercury/install/navigation/bin'
[13.733s] Level 1:colcon.colcon_core.environment:checking '/home/luisf/Mercury/install/navigation/lib/pkgconfig/navigation.pc'
[13.733s] Level 1:colcon.colcon_core.environment:checking '/home/luisf/Mercury/install/navigation/lib/python3.8/site-packages'
[13.733s] Level 1:colcon.colcon_core.shell:create_environment_hook('navigation', 'pythonpath')
[13.737s] INFO:colcon.colcon_core.shell:Creating environment hook '/home/luisf/Mercury/install/navigation/share/navigation/hook/pythonpath.ps1'
[13.738s] INFO:colcon.colcon_core.shell:Creating environment descriptor '/home/luisf/Mercury/install/navigation/share/navigation/hook/pythonpath.dsv'
[13.739s] INFO:colcon.colcon_core.shell:Creating environment hook '/home/luisf/Mercury/install/navigation/share/navigation/hook/pythonpath.sh'
[13.740s] Level 1:colcon.colcon_core.environment:checking '/home/luisf/Mercury/install/navigation/bin'
[13.743s] INFO:colcon.colcon_core.shell:Creating package script '/home/luisf/Mercury/install/navigation/share/navigation/package.ps1'
[13.745s] INFO:colcon.colcon_core.shell:Creating package descriptor '/home/luisf/Mercury/install/navigation/share/navigation/package.dsv'
[13.747s] INFO:colcon.colcon_core.shell:Creating package script '/home/luisf/Mercury/install/navigation/share/navigation/package.sh'
[13.748s] INFO:colcon.colcon_core.shell:Creating package script '/home/luisf/Mercury/install/navigation/share/navigation/package.bash'
[13.749s] INFO:colcon.colcon_core.shell:Creating package script '/home/luisf/Mercury/install/navigation/share/navigation/package.zsh'
[13.751s] Level 1:colcon.colcon_core.environment:create_file_with_runtime_dependencies(/home/luisf/Mercury/install/navigation/share/colcon-core/packages/navigation)
[13.842s] Level 1:colcon.colcon_core.environment:create_environment_scripts_only(navigation)
[13.848s] Level 1:colcon.colcon_core.environment:checking '/home/luisf/Mercury/install/navigation' for CMake module files
[13.849s] Level 1:colcon.colcon_core.environment:checking '/home/luisf/Mercury/install/navigation' for CMake config files
[13.850s] Level 1:colcon.colcon_core.shell:create_environment_hook('navigation', 'cmake_prefix_path')
[13.853s] INFO:colcon.colcon_core.shell:Creating environment hook '/home/luisf/Mercury/install/navigation/share/navigation/hook/cmake_prefix_path.ps1'
[13.853s] INFO:colcon.colcon_core.shell:Creating environment descriptor '/home/luisf/Mercury/install/navigation/share/navigation/hook/cmake_prefix_path.dsv'
[13.854s] INFO:colcon.colcon_core.shell:Creating environment hook '/home/luisf/Mercury/install/navigation/share/navigation/hook/cmake_prefix_path.sh'
[13.855s] Level 1:colcon.colcon_core.environment:checking '/home/luisf/Mercury/install/navigation/lib'
[13.855s] Level 1:colcon.colcon_core.shell:create_environment_hook('navigation', 'ld_library_path_lib')
[13.858s] INFO:colcon.colcon_core.shell:Creating environment hook '/home/luisf/Mercury/install/navigation/share/navigation/hook/ld_library_path_lib.ps1'
[13.859s] INFO:colcon.colcon_core.shell:Creating environment descriptor '/home/luisf/Mercury/install/navigation/share/navigation/hook/ld_library_path_lib.dsv'
[13.859s] INFO:colcon.colcon_core.shell:Creating environment hook '/home/luisf/Mercury/install/navigation/share/navigation/hook/ld_library_path_lib.sh'
[13.860s] Level 1:colcon.colcon_core.environment:checking '/home/luisf/Mercury/install/navigation/bin'
[13.860s] Level 1:colcon.colcon_core.environment:checking '/home/luisf/Mercury/install/navigation/lib/pkgconfig/navigation.pc'
[13.861s] Level 1:colcon.colcon_core.environment:checking '/home/luisf/Mercury/install/navigation/lib/python3.8/site-packages'
[13.861s] Level 1:colcon.colcon_core.shell:create_environment_hook('navigation', 'pythonpath')
[13.863s] INFO:colcon.colcon_core.shell:Creating environment hook '/home/luisf/Mercury/install/navigation/share/navigation/hook/pythonpath.ps1'
[13.864s] INFO:colcon.colcon_core.shell:Creating environment descriptor '/home/luisf/Mercury/install/navigation/share/navigation/hook/pythonpath.dsv'
[13.865s] INFO:colcon.colcon_core.shell:Creating environment hook '/home/luisf/Mercury/install/navigation/share/navigation/hook/pythonpath.sh'
[13.865s] Level 1:colcon.colcon_core.environment:checking '/home/luisf/Mercury/install/navigation/bin'
[13.868s] INFO:colcon.colcon_core.shell:Creating package script '/home/luisf/Mercury/install/navigation/share/navigation/package.ps1'
[13.870s] INFO:colcon.colcon_core.shell:Creating package descriptor '/home/luisf/Mercury/install/navigation/share/navigation/package.dsv'
[13.871s] INFO:colcon.colcon_core.shell:Creating package script '/home/luisf/Mercury/install/navigation/share/navigation/package.sh'
[13.872s] INFO:colcon.colcon_core.shell:Creating package script '/home/luisf/Mercury/install/navigation/share/navigation/package.bash'
[13.872s] INFO:colcon.colcon_core.shell:Creating package script '/home/luisf/Mercury/install/navigation/share/navigation/package.zsh'
[13.873s] Level 1:colcon.colcon_core.environment:create_file_with_runtime_dependencies(/home/luisf/Mercury/install/navigation/share/colcon-core/packages/navigation)
[13.874s] DEBUG:colcon.colcon_parallel_executor.executor.parallel:closing loop
[13.875s] DEBUG:colcon.colcon_parallel_executor.executor.parallel:loop closed
[13.875s] DEBUG:colcon.colcon_parallel_executor.executor.parallel:run_until_complete finished with '0'
[13.875s] DEBUG:colcon.colcon_core.event_reactor:joining thread
[13.886s] INFO:colcon.colcon_core.plugin_system:Skipping extension 'colcon_notification.desktop_notification.terminal_notifier': Not used on non-Darwin systems
[13.887s] INFO:colcon.colcon_core.plugin_system:Skipping extension 'colcon_notification.desktop_notification.win32': Not used on non-Windows systems
[13.887s] INFO:colcon.colcon_notification.desktop_notification:Sending desktop notification using 'notify2'
[13.920s] DEBUG:colcon.colcon_core.event_reactor:joined thread
[13.923s] INFO:colcon.colcon_core.shell:Creating prefix script '/home/luisf/Mercury/install/local_setup.ps1'
[13.925s] INFO:colcon.colcon_core.shell:Creating prefix util module '/home/luisf/Mercury/install/_local_setup_util_ps1.py'
[13.928s] INFO:colcon.colcon_core.shell:Creating prefix chain script '/home/luisf/Mercury/install/setup.ps1'
[13.931s] INFO:colcon.colcon_core.shell:Creating prefix script '/home/luisf/Mercury/install/local_setup.sh'
[13.933s] INFO:colcon.colcon_core.shell:Creating prefix util module '/home/luisf/Mercury/install/_local_setup_util_sh.py'
[13.934s] INFO:colcon.colcon_core.shell:Creating prefix chain script '/home/luisf/Mercury/install/setup.sh'
[13.938s] INFO:colcon.colcon_core.shell:Creating prefix script '/home/luisf/Mercury/install/local_setup.bash'
[13.939s] INFO:colcon.colcon_core.shell:Creating prefix chain script '/home/luisf/Mercury/install/setup.bash'
[13.942s] INFO:colcon.colcon_core.shell:Creating prefix script '/home/luisf/Mercury/install/local_setup.zsh'
[13.943s] INFO:colcon.colcon_core.shell:Creating prefix chain script '/home/luisf/Mercury/install/setup.zsh'
