-- Found ament_cmake: 0.9.12 (/opt/ros/foxy/share/ament_cmake/cmake)
-- Using PYTHON_EXECUTABLE: /usr/bin/python3
-- Override CMake install command with custom implementation using symlinks instead of copying resources
-- Found rclcpp: 2.4.3 (/opt/ros/foxy/share/rclcpp/cmake)
-- Using all available rosidl_typesupport_c: rosidl_typesupport_fastrtps_c;rosidl_typesupport_introspection_c
-- Found rosidl_adapter: 1.3.1 (/opt/ros/foxy/share/rosidl_adapter/cmake)
-- Using all available rosidl_typesupport_cpp: rosidl_typesupport_fastrtps_cpp;rosidl_typesupport_introspection_cpp
-- Found rmw_implementation_cmake: 1.0.4 (/opt/ros/foxy/share/rmw_implementation_cmake/cmake)
-- Using RMW implementation 'rmw_fastrtps_cpp' as default
-- Found rclpy: 1.0.13 (/opt/ros/foxy/share/rclpy/cmake)
-- Found rosidl_default_generators: 1.0.1 (/opt/ros/foxy/share/rosidl_default_generators/cmake)
-- Found PythonInterp: /usr/bin/python3 (found version "3.8.10") 
-- Found ament_cmake_ros: 0.9.2 (/opt/ros/foxy/share/ament_cmake_ros/cmake)
-- Using all available rosidl_typesupport_c: rosidl_typesupport_fastrtps_c;rosidl_typesupport_introspection_c
-- Using all available rosidl_typesupport_cpp: rosidl_typesupport_fastrtps_cpp;rosidl_typesupport_introspection_cpp
-- Found PythonInterp: /usr/bin/python3 (found suitable version "3.8.10", minimum required is "3.5") 
-- Found python_cmake_module: 0.8.1 (/opt/ros/foxy/share/python_cmake_module/cmake)
-- Found PythonLibs: /usr/lib/x86_64-linux-gnu/libpython3.8.so (found suitable version "3.8.10", minimum required is "3.5") 
-- Using PYTHON_EXECUTABLE: /usr/bin/python3
-- Using PYTHON_INCLUDE_DIRS: /usr/include/python3.8
-- Using PYTHON_LIBRARIES: /usr/lib/x86_64-linux-gnu/libpython3.8.so
-- Found PythonExtra: .so  
-- Found ament_lint_auto: 0.9.8 (/opt/ros/foxy/share/ament_lint_auto/cmake)
-- Added test 'copyright' to check source files copyright and LICENSE
-- Added test 'cppcheck' to perform static code analysis on C / C++ code
-- Configured cppcheck include dirs: 
-- Configured cppcheck exclude dirs and/or files: 
-- Added test 'cpplint' to check C / C++ code against the Google style
-- Configured cpplint exclude dirs and/or files: 
-- Added test 'flake8' to check Python code syntax and style conventions
-- Added test 'lint_cmake' to check CMake code style
-- Added test 'pep257' to check Python code against some of the style conventions in PEP 257
-- Added test 'uncrustify' to check C / C++ code style
-- Configured uncrustify additional arguments: 
-- Added test 'xmllint' to check XML markup files
-- Configuring done
-- Generating done
-- Build files have been written to: /home/luisf/Mercury/build/navigation
[  3%] [34m[1mGenerating C code for ROS interfaces[0m
[35m[1mScanning dependencies of target navigation__cpp[0m
[  6%] [34m[1mGenerating C++ code for ROS interfaces[0m
[  6%] Built target navigation__cpp
[  9%] [34m[1mGenerating C++ introspection for ROS interfaces[0m
[ 12%] [34m[1mGenerating C++ type support for eProsima Fast-RTPS[0m
[ 16%] [34m[1mGenerating C++ type support dispatch for ROS interfaces[0m
[35m[1mScanning dependencies of target navigation__rosidl_generator_c[0m
[ 19%] [32mBuilding C object CMakeFiles/navigation__rosidl_generator_c.dir/rosidl_generator_c/navigation/srv/detail/get_velocity__functions.c.o[0m
[ 22%] [32m[1mLinking C shared library libnavigation__rosidl_generator_c.so[0m
[ 22%] Built target navigation__rosidl_generator_c
[ 25%] [34m[1mGenerating C type support dispatch for ROS interfaces[0m
[35m[1mScanning dependencies of target navigation__rosidl_typesupport_introspection_cpp[0m
[35m[1mScanning dependencies of target navigation__rosidl_typesupport_cpp[0m
[ 29%] [32mBuilding CXX object CMakeFiles/navigation__rosidl_typesupport_introspection_cpp.dir/rosidl_typesupport_introspection_cpp/navigation/srv/detail/get_velocity__type_support.cpp.o[0m
[ 32%] [32mBuilding CXX object CMakeFiles/navigation__rosidl_typesupport_cpp.dir/rosidl_typesupport_cpp/navigation/srv/get_velocity__type_support.cpp.o[0m
[35m[1mScanning dependencies of target navigation__rosidl_typesupport_fastrtps_cpp[0m
[35m[1mScanning dependencies of target navigation__rosidl_typesupport_c[0m
[ 35%] [32mBuilding CXX object CMakeFiles/navigation__rosidl_typesupport_c.dir/rosidl_typesupport_c/navigation/srv/get_velocity__type_support.cpp.o[0m
[ 38%] [32mBuilding CXX object CMakeFiles/navigation__rosidl_typesupport_fastrtps_cpp.dir/rosidl_typesupport_fastrtps_cpp/navigation/srv/detail/dds_fastrtps/get_velocity__type_support.cpp.o[0m
[ 41%] [32m[1mLinking CXX shared library libnavigation__rosidl_typesupport_c.so[0m
[ 41%] Built target navigation__rosidl_typesupport_c
[ 45%] [34m[1mGenerating C introspection for ROS interfaces[0m
[35m[1mScanning dependencies of target navigation__rosidl_typesupport_introspection_c[0m
[ 48%] [32m[1mLinking CXX shared library libnavigation__rosidl_typesupport_cpp.so[0m
[ 51%] [32mBuilding C object CMakeFiles/navigation__rosidl_typesupport_introspection_c.dir/rosidl_typesupport_introspection_c/navigation/srv/detail/get_velocity__type_support.c.o[0m
[ 51%] Built target navigation__rosidl_typesupport_cpp
[ 54%] [32m[1mLinking CXX shared library libnavigation__rosidl_typesupport_introspection_cpp.so[0m
[ 58%] [32m[1mLinking C shared library libnavigation__rosidl_typesupport_introspection_c.so[0m
[ 58%] Built target navigation__rosidl_typesupport_introspection_c
[ 58%] Built target navigation__rosidl_typesupport_introspection_cpp
[ 61%] [32m[1mLinking CXX shared library libnavigation__rosidl_typesupport_fastrtps_cpp.so[0m
[ 61%] Built target navigation__rosidl_typesupport_fastrtps_cpp
[ 64%] [34m[1mGenerating C type support for eProsima Fast-RTPS[0m
[35m[1mScanning dependencies of target navigation__rosidl_typesupport_fastrtps_c[0m
[ 67%] [32mBuilding CXX object CMakeFiles/navigation__rosidl_typesupport_fastrtps_c.dir/rosidl_typesupport_fastrtps_c/navigation/srv/detail/get_velocity__type_support_c.cpp.o[0m
[ 70%] [32m[1mLinking CXX shared library libnavigation__rosidl_typesupport_fastrtps_c.so[0m
[ 70%] Built target navigation__rosidl_typesupport_fastrtps_c
[35m[1mScanning dependencies of target navigation[0m
[ 70%] Built target navigation
[35m[1mScanning dependencies of target navigation__py[0m
[ 74%] [34m[1mGenerating Python code for ROS interfaces[0m
[ 74%] Built target navigation__py
[35m[1mScanning dependencies of target navigation__python[0m
[ 77%] [32mBuilding C object CMakeFiles/navigation__python.dir/rosidl_generator_py/navigation/srv/_get_velocity_s.c.o[0m
[ 80%] [32m[1mLinking C shared library rosidl_generator_py/navigation/libnavigation__python.so[0m
[ 80%] Built target navigation__python
[35m[1mScanning dependencies of target navigation__rosidl_typesupport_introspection_c__pyext[0m
[35m[1mScanning dependencies of target navigation__rosidl_typesupport_c__pyext[0m
[35m[1mScanning dependencies of target navigation__rosidl_typesupport_fastrtps_c__pyext[0m
[ 83%] [32mBuilding C object CMakeFiles/navigation__rosidl_typesupport_c__pyext.dir/rosidl_generator_py/navigation/_navigation_s.ep.rosidl_typesupport_c.c.o[0m
[ 87%] [32mBuilding C object CMakeFiles/navigation__rosidl_typesupport_fastrtps_c__pyext.dir/rosidl_generator_py/navigation/_navigation_s.ep.rosidl_typesupport_fastrtps_c.c.o[0m
[ 90%] [32mBuilding C object CMakeFiles/navigation__rosidl_typesupport_introspection_c__pyext.dir/rosidl_generator_py/navigation/_navigation_s.ep.rosidl_typesupport_introspection_c.c.o[0m
[ 93%] [32m[1mLinking C shared library rosidl_generator_py/navigation/navigation_s__rosidl_typesupport_introspection_c.cpython-38-x86_64-linux-gnu.so[0m
[100%] [32m[1mLinking C shared library rosidl_generator_py/navigation/navigation_s__rosidl_typesupport_c.cpython-38-x86_64-linux-gnu.so[0m
[100%] [32m[1mLinking CXX shared library rosidl_generator_py/navigation/navigation_s__rosidl_typesupport_fastrtps_c.cpython-38-x86_64-linux-gnu.so[0m
[100%] Built target navigation__rosidl_typesupport_introspection_c__pyext
[100%] Built target navigation__rosidl_typesupport_c__pyext
[100%] Built target navigation__rosidl_typesupport_fastrtps_c__pyext
-- Install configuration: ""
-- Execute custom install script
-- Symlinking: /home/luisf/Mercury/install/navigation/share/ament_index/resource_index/rosidl_interfaces/navigation
-- Symlinking: /home/luisf/Mercury/install/navigation/include/navigation/msg/rosidl_generator_c__visibility_control.h
-- Symlinking: /home/luisf/Mercury/install/navigation/include/navigation/srv/detail/get_velocity__functions.h
-- Symlinking: /home/luisf/Mercury/install/navigation/include/navigation/srv/detail/get_velocity__struct.h
-- Symlinking: /home/luisf/Mercury/install/navigation/include/navigation/srv/detail/get_velocity__type_support.h
-- Symlinking: /home/luisf/Mercury/install/navigation/include/navigation/srv/get_velocity.h
-- Symlinking: /home/luisf/Mercury/install/navigation/share/navigation/environment/library_path.sh
-- Symlinking: /home/luisf/Mercury/install/navigation/share/navigation/environment/library_path.dsv
-- Symlinking: /home/luisf/Mercury/install/navigation/include/navigation/msg/rosidl_typesupport_fastrtps_c__visibility_control.h
-- Symlinking: /home/luisf/Mercury/install/navigation/include/navigation/srv/detail/get_velocity__rosidl_typesupport_fastrtps_c.h
-- Symlinking: /home/luisf/Mercury/install/navigation/lib/libnavigation__rosidl_typesupport_fastrtps_c.so
-- Symlinking: /home/luisf/Mercury/install/navigation/include/navigation/msg/rosidl_typesupport_fastrtps_cpp__visibility_control.h
-- Symlinking: /home/luisf/Mercury/install/navigation/include/navigation/srv/detail/get_velocity__rosidl_typesupport_fastrtps_cpp.hpp
-- Symlinking: /home/luisf/Mercury/install/navigation/lib/libnavigation__rosidl_typesupport_fastrtps_cpp.so
-- Symlinking: /home/luisf/Mercury/install/navigation/include/navigation/msg/rosidl_typesupport_introspection_c__visibility_control.h
-- Symlinking: /home/luisf/Mercury/install/navigation/include/navigation/srv/detail/get_velocity__rosidl_typesupport_introspection_c.h
-- Symlinking: /home/luisf/Mercury/install/navigation/include/navigation/msg/rosidl_generator_cpp__visibility_control.hpp
-- Symlinking: /home/luisf/Mercury/install/navigation/include/navigation/srv/detail/get_velocity__builder.hpp
-- Symlinking: /home/luisf/Mercury/install/navigation/include/navigation/srv/detail/get_velocity__struct.hpp
-- Symlinking: /home/luisf/Mercury/install/navigation/include/navigation/srv/detail/get_velocity__traits.hpp
-- Symlinking: /home/luisf/Mercury/install/navigation/include/navigation/srv/detail/get_velocity__type_support.hpp
-- Symlinking: /home/luisf/Mercury/install/navigation/include/navigation/srv/get_velocity.hpp
-- Symlinking: /home/luisf/Mercury/install/navigation/include/navigation/srv/detail/get_velocity__rosidl_typesupport_introspection_cpp.hpp
-- Symlinking: /home/luisf/Mercury/install/navigation/share/navigation/environment/pythonpath.sh
-- Symlinking: /home/luisf/Mercury/install/navigation/share/navigation/environment/pythonpath.dsv
-- Symlinking: /home/luisf/Mercury/install/navigation/lib/python3.8/site-packages/navigation/__init__.py
-- Symlinking: /home/luisf/Mercury/install/navigation/lib/python3.8/site-packages/navigation/srv/__init__.py
-- Symlinking: /home/luisf/Mercury/install/navigation/lib/python3.8/site-packages/navigation/srv/_get_velocity.py
-- Symlinking: /home/luisf/Mercury/install/navigation/lib/python3.8/site-packages/navigation/navigation_s__rosidl_typesupport_fastrtps_c.cpython-38-x86_64-linux-gnu.so
-- Symlinking: /home/luisf/Mercury/install/navigation/lib/python3.8/site-packages/navigation/navigation_s__rosidl_typesupport_introspection_c.cpython-38-x86_64-linux-gnu.so
-- Symlinking: /home/luisf/Mercury/install/navigation/lib/python3.8/site-packages/navigation/navigation_s__rosidl_typesupport_c.cpython-38-x86_64-linux-gnu.so
-- Symlinking: /home/luisf/Mercury/install/navigation/lib/libnavigation__python.so
-- Symlinking: /home/luisf/Mercury/install/navigation/share/navigation/srv/GetVelocity.idl
-- Symlinking: /home/luisf/Mercury/install/navigation/share/navigation/srv/GetVelocity.srv
-- Symlinking: /home/luisf/Mercury/install/navigation/share/navigation/srv/GetVelocity_Request.msg
-- Symlinking: /home/luisf/Mercury/install/navigation/share/navigation/srv/GetVelocity_Response.msg
-- Up-to-date symlink: /home/luisf/Mercury/install/navigation/share/ament_index/resource_index/package_run_dependencies/navigation
-- Up-to-date symlink: /home/luisf/Mercury/install/navigation/share/ament_index/resource_index/parent_prefix_path/navigation
-- Up-to-date symlink: /home/luisf/Mercury/install/navigation/share/navigation/environment/ament_prefix_path.sh
-- Up-to-date symlink: /home/luisf/Mercury/install/navigation/share/navigation/environment/ament_prefix_path.dsv
-- Up-to-date symlink: /home/luisf/Mercury/install/navigation/share/navigation/environment/path.sh
-- Up-to-date symlink: /home/luisf/Mercury/install/navigation/share/navigation/environment/path.dsv
-- Up-to-date symlink: /home/luisf/Mercury/install/navigation/share/navigation/local_setup.bash
-- Up-to-date symlink: /home/luisf/Mercury/install/navigation/share/navigation/local_setup.sh
-- Up-to-date symlink: /home/luisf/Mercury/install/navigation/share/navigation/local_setup.zsh
-- Up-to-date symlink: /home/luisf/Mercury/install/navigation/share/navigation/local_setup.dsv
-- Symlinking: /home/luisf/Mercury/install/navigation/share/navigation/package.dsv
-- Up-to-date symlink: /home/luisf/Mercury/install/navigation/share/ament_index/resource_index/packages/navigation
-- Symlinking: /home/luisf/Mercury/install/navigation/share/navigation/cmake/rosidl_cmake-extras.cmake
-- Symlinking: /home/luisf/Mercury/install/navigation/share/navigation/cmake/ament_cmake_export_dependencies-extras.cmake
-- Symlinking: /home/luisf/Mercury/install/navigation/share/navigation/cmake/ament_cmake_export_libraries-extras.cmake
-- Symlinking: /home/luisf/Mercury/install/navigation/share/navigation/cmake/ament_cmake_export_targets-extras.cmake
-- Symlinking: /home/luisf/Mercury/install/navigation/share/navigation/cmake/ament_cmake_export_include_directories-extras.cmake
-- Symlinking: /home/luisf/Mercury/install/navigation/share/navigation/cmake/rosidl_cmake_export_typesupport_libraries-extras.cmake
-- Symlinking: /home/luisf/Mercury/install/navigation/share/navigation/cmake/rosidl_cmake_export_typesupport_targets-extras.cmake
-- Up-to-date symlink: /home/luisf/Mercury/install/navigation/share/navigation/cmake/navigationConfig.cmake
-- Up-to-date symlink: /home/luisf/Mercury/install/navigation/share/navigation/cmake/navigationConfig-version.cmake
-- Up-to-date symlink: /home/luisf/Mercury/install/navigation/share/navigation/package.xml
-- Installing: /home/luisf/Mercury/install/navigation/lib/libnavigation__rosidl_generator_c.so
-- Set runtime path of "/home/luisf/Mercury/install/navigation/lib/libnavigation__rosidl_generator_c.so" to ""
-- Installing: /home/luisf/Mercury/install/navigation/lib/libnavigation__rosidl_typesupport_introspection_c.so
-- Set runtime path of "/home/luisf/Mercury/install/navigation/lib/libnavigation__rosidl_typesupport_introspection_c.so" to ""
-- Installing: /home/luisf/Mercury/install/navigation/lib/libnavigation__rosidl_typesupport_c.so
-- Set runtime path of "/home/luisf/Mercury/install/navigation/lib/libnavigation__rosidl_typesupport_c.so" to ""
-- Installing: /home/luisf/Mercury/install/navigation/lib/libnavigation__rosidl_typesupport_introspection_cpp.so
-- Set runtime path of "/home/luisf/Mercury/install/navigation/lib/libnavigation__rosidl_typesupport_introspection_cpp.so" to ""
-- Installing: /home/luisf/Mercury/install/navigation/lib/libnavigation__rosidl_typesupport_cpp.so
-- Set runtime path of "/home/luisf/Mercury/install/navigation/lib/libnavigation__rosidl_typesupport_cpp.so" to ""
Compiling '/home/luisf/Mercury/install/navigation/lib/python3.8/site-packages/navigation/__init__.py'...
-- Installing: /home/luisf/Mercury/install/navigation/share/navigation/cmake/navigation__rosidl_generator_cExport.cmake
-- Installing: /home/luisf/Mercury/install/navigation/share/navigation/cmake/navigation__rosidl_generator_cExport-noconfig.cmake
-- Installing: /home/luisf/Mercury/install/navigation/share/navigation/cmake/navigation__rosidl_typesupport_introspection_cExport.cmake
-- Installing: /home/luisf/Mercury/install/navigation/share/navigation/cmake/navigation__rosidl_typesupport_introspection_cExport-noconfig.cmake
-- Installing: /home/luisf/Mercury/install/navigation/share/navigation/cmake/navigation__rosidl_typesupport_cExport.cmake
-- Installing: /home/luisf/Mercury/install/navigation/share/navigation/cmake/navigation__rosidl_typesupport_cExport-noconfig.cmake
-- Installing: /home/luisf/Mercury/install/navigation/share/navigation/cmake/navigation__rosidl_generator_cppExport.cmake
-- Installing: /home/luisf/Mercury/install/navigation/share/navigation/cmake/navigation__rosidl_typesupport_introspection_cppExport.cmake
-- Installing: /home/luisf/Mercury/install/navigation/share/navigation/cmake/navigation__rosidl_typesupport_introspection_cppExport-noconfig.cmake
-- Installing: /home/luisf/Mercury/install/navigation/share/navigation/cmake/navigation__rosidl_typesupport_cppExport.cmake
-- Installing: /home/luisf/Mercury/install/navigation/share/navigation/cmake/navigation__rosidl_typesupport_cppExport-noconfig.cmake
