[0.095s] Invoking command in '/home/luisf/Mercury/build/navigation': CMAKE_PREFIX_PATH=/opt/ros/foxy /usr/bin/cmake /home/luisf/Mercury/src/navigation -DAMENT_CMAKE_SYMLINK_INSTALL=1 -DCMAKE_INSTALL_PREFIX=/home/luisf/Mercury/install/navigation
[1.757s] -- The C compiler identification is GNU 9.4.0
[3.629s] -- The CXX compiler identification is GNU 9.4.0
[3.744s] -- Check for working C compiler: /usr/bin/cc
[3.895s] -- Check for working C compiler: /usr/bin/cc -- works
[3.913s] -- Detecting C compiler ABI info
[4.063s] -- Detecting C compiler ABI info - done
[4.110s] -- Detecting C compile features
[4.121s] -- Detecting C compile features - done
[4.145s] -- Check for working CXX compiler: /usr/bin/c++
[4.292s] -- Check for working CXX compiler: /usr/bin/c++ -- works
[4.295s] -- Detecting CXX compiler ABI info
[4.482s] -- Detecting CXX compiler ABI info - done
[4.509s] -- Detecting CXX compile features
[4.510s] -- Detecting CXX compile features - done
[4.528s] -- Found ament_cmake: 0.9.12 (/opt/ros/foxy/share/ament_cmake/cmake)
[4.611s] -- Found PythonInterp: /usr/bin/python3 (found suitable version "3.8.10", minimum required is "3") 
[4.611s] -- Using PYTHON_EXECUTABLE: /usr/bin/python3
[5.034s] -- Override CMake install command with custom implementation using symlinks instead of copying resources
[5.159s] -- Found rclcpp: 2.4.3 (/opt/ros/foxy/share/rclcpp/cmake)
[5.369s] -- Using all available rosidl_typesupport_c: rosidl_typesupport_fastrtps_c;rosidl_typesupport_introspection_c
[5.400s] -- Found rosidl_adapter: 1.3.1 (/opt/ros/foxy/share/rosidl_adapter/cmake)
[5.771s] -- Found OpenSSL: /usr/lib/x86_64-linux-gnu/libcrypto.so (found version "1.1.1f")  
[5.864s] -- Found FastRTPS: /opt/ros/foxy/include  
[6.082s] -- Using all available rosidl_typesupport_cpp: rosidl_typesupport_fastrtps_cpp;rosidl_typesupport_introspection_cpp
[6.276s] -- Found rmw_implementation_cmake: 1.0.4 (/opt/ros/foxy/share/rmw_implementation_cmake/cmake)
[6.280s] -- Using RMW implementation 'rmw_fastrtps_cpp' as default
[6.304s] -- Looking for pthread.h
[6.522s] -- Looking for pthread.h - found
[6.523s] -- Performing Test CMAKE_HAVE_LIBC_PTHREAD
[6.667s] -- Performing Test CMAKE_HAVE_LIBC_PTHREAD - Failed
[6.667s] -- Looking for pthread_create in pthreads
[6.829s] -- Looking for pthread_create in pthreads - not found
[6.829s] -- Looking for pthread_create in pthread
[6.967s] -- Looking for pthread_create in pthread - found
[6.970s] -- Found Threads: TRUE  
[7.775s] -- Found rclpy: 1.0.13 (/opt/ros/foxy/share/rclpy/cmake)
[7.777s] -- Found ament_lint_auto: 0.9.8 (/opt/ros/foxy/share/ament_lint_auto/cmake)
[8.115s] -- Added test 'copyright' to check source files copyright and LICENSE
[8.126s] -- Added test 'cppcheck' to perform static code analysis on C / C++ code
[8.126s] -- Configured cppcheck include dirs: 
[8.126s] -- Configured cppcheck exclude dirs and/or files: 
[8.136s] -- Added test 'cpplint' to check C / C++ code against the Google style
[8.136s] -- Configured cpplint exclude dirs and/or files: 
[8.144s] -- Added test 'flake8' to check Python code syntax and style conventions
[8.146s] -- Added test 'lint_cmake' to check CMake code style
[8.151s] -- Added test 'pep257' to check Python code against some of the style conventions in PEP 257
[8.165s] -- Added test 'uncrustify' to check C / C++ code style
[8.166s] -- Configured uncrustify additional arguments: 
[8.167s] -- Added test 'xmllint' to check XML markup files
[8.175s] -- Configuring done
[8.181s] -- Generating done
[8.185s] -- Build files have been written to: /home/luisf/Mercury/build/navigation
[8.197s] Invoked command in '/home/luisf/Mercury/build/navigation' returned '0': CMAKE_PREFIX_PATH=/opt/ros/foxy /usr/bin/cmake /home/luisf/Mercury/src/navigation -DAMENT_CMAKE_SYMLINK_INSTALL=1 -DCMAKE_INSTALL_PREFIX=/home/luisf/Mercury/install/navigation
[8.203s] Invoking command in '/home/luisf/Mercury/build/navigation': CMAKE_PREFIX_PATH=/opt/ros/foxy /usr/bin/cmake --build /home/luisf/Mercury/build/navigation -- -j4 -l4
[8.286s] Invoked command in '/home/luisf/Mercury/build/navigation' returned '0': CMAKE_PREFIX_PATH=/opt/ros/foxy /usr/bin/cmake --build /home/luisf/Mercury/build/navigation -- -j4 -l4
[8.361s] Invoking command in '/home/luisf/Mercury/build/navigation': CMAKE_PREFIX_PATH=/opt/ros/foxy /usr/bin/cmake --install /home/luisf/Mercury/build/navigation
[8.376s] -- Install configuration: ""
[8.377s] -- Execute custom install script
[8.377s] -- Symlinking: /home/luisf/Mercury/install/navigation/share/ament_index/resource_index/package_run_dependencies/navigation
[8.394s] -- Symlinking: /home/luisf/Mercury/install/navigation/share/ament_index/resource_index/parent_prefix_path/navigation
[8.409s] -- Symlinking: /home/luisf/Mercury/install/navigation/share/navigation/environment/ament_prefix_path.sh
[8.427s] -- Symlinking: /home/luisf/Mercury/install/navigation/share/navigation/environment/ament_prefix_path.dsv
[8.442s] -- Symlinking: /home/luisf/Mercury/install/navigation/share/navigation/environment/path.sh
[8.457s] -- Symlinking: /home/luisf/Mercury/install/navigation/share/navigation/environment/path.dsv
[8.472s] -- Symlinking: /home/luisf/Mercury/install/navigation/share/navigation/local_setup.bash
[8.494s] -- Symlinking: /home/luisf/Mercury/install/navigation/share/navigation/local_setup.sh
[8.511s] -- Symlinking: /home/luisf/Mercury/install/navigation/share/navigation/local_setup.zsh
[8.527s] -- Symlinking: /home/luisf/Mercury/install/navigation/share/navigation/local_setup.dsv
[8.543s] -- Symlinking: /home/luisf/Mercury/install/navigation/share/navigation/package.dsv
[8.560s] -- Symlinking: /home/luisf/Mercury/install/navigation/share/ament_index/resource_index/packages/navigation
[8.578s] -- Symlinking: /home/luisf/Mercury/install/navigation/share/navigation/cmake/navigationConfig.cmake
[8.593s] -- Symlinking: /home/luisf/Mercury/install/navigation/share/navigation/cmake/navigationConfig-version.cmake
[8.609s] -- Symlinking: /home/luisf/Mercury/install/navigation/share/navigation/package.xml
[8.630s] Invoked command in '/home/luisf/Mercury/build/navigation' returned '0': CMAKE_PREFIX_PATH=/opt/ros/foxy /usr/bin/cmake --install /home/luisf/Mercury/build/navigation
